2016-05-07T03:03:16.7015787Z,Updating branch 'master'.,02a4aad9-cf93-40de-87d3-567ed0b4ada7,0
2016-05-07T03:03:19.9450799Z,Updating submodules.,27aa8551-5b2f-4072-87a9-0e2763fd9677,0
2016-05-07T03:03:19.9919568Z,Preparing deployment for commit id '0849afac8b'.,9cfb9825-fda4-4760-ad2a-b97d7b8d8787,0
2016-05-07T03:03:20.7898508Z,Generating deployment script.,afa55e31-1696-41d3-90a7-849b5408fa52,0
	2016-05-07T03:03:20.8211096Z,Using cached version of deployment script (command: 'azure -y --no-dot-deployment -r "D:\home\site\repository" -o "D:\home\site\deployments\tools" --node --sitePath "D:\home\site\repository"').,,0
2016-05-07T03:03:20.8523505Z,Running deployment command...,2d25f605-1470-44e3-a64e-367da58b2349,0
	2016-05-07T03:03:20.8679735Z,Command: "D:\home\site\deployments\tools\deploy.cmd",,0
	2016-05-07T03:03:21.4148539Z,Handling node.js deployment.,,0
	2016-05-07T03:03:22.0096571Z,KuduSync.NET from: 'D:\home\site\repository' to: 'D:\home\site\wwwroot',,0
	2016-05-07T03:03:22.0096571Z,Copying file: 'npm-debug.log',,0
	2016-05-07T03:03:22.0252728Z,Copying file: 'server.js',,0
	2016-05-07T03:03:22.0252728Z,Copying file: 'app\controllers\home.js',,0
	2016-05-07T03:03:22.0252728Z,Deleting file: 'app\controllers\public\signup.html',,0
	2016-05-07T03:03:22.0408994Z,Deleting directory: 'app\controllers\public',,0
	2016-05-07T03:03:22.0408994Z,Copying file: 'app\views\codebakery.ejs',,0
	2016-05-07T03:03:22.0408994Z,Copying file: 'app\views\sftp-config.json',,0
	2016-05-07T03:03:22.0565233Z,Copying file: 'app\views\signup_form.ejs',,0
	2016-05-07T03:03:22.0565233Z,Copying file: 'app\views\sullivan.mp4.mp4',,0
	2016-05-07T03:03:22.0721506Z,Copying file: 'app\views\assets\animate.css\animate.min.css',,0
	2016-05-07T03:03:22.0721506Z,Copying file: 'app\views\assets\bootstrap\css\bootstrap.min.css',,0
	2016-05-07T03:03:22.0721506Z,Copying file: 'app\views\assets\bootstrap\fonts\glyphicons-halflings-regular.eot',,0
	2016-05-07T03:03:22.0877751Z,Copying file: 'app\views\assets\bootstrap\fonts\glyphicons-halflings-regular.svg',,0
	2016-05-07T03:03:22.0877751Z,Copying file: 'app\views\assets\bootstrap\fonts\glyphicons-halflings-regular.ttf',,0
	2016-05-07T03:03:22.1033997Z,Copying file: 'app\views\assets\bootstrap\fonts\glyphicons-halflings-regular.woff',,0
	2016-05-07T03:03:22.1033997Z,Copying file: 'app\views\assets\bootstrap\fonts\glyphicons-halflings-regular.woff2',,0
	2016-05-07T03:03:22.2128097Z,Copying file: 'app\views\assets\bootstrap\js\bootstrap.min.js',,0
	2016-05-07T03:03:22.2284019Z,Copying file: 'app\views\assets\bootstrap-carousel-swipe\bootstrap-carousel-swipe.js',,0
	2016-05-07T03:03:22.2284019Z,Copying file: 'app\views\assets\images\11007725-350980605107095-6655604774951898678-n-950x534-53.jpg',,0
	2016-05-07T03:03:22.2284019Z,Copying file: 'app\views\assets\images\11007725-350980605107095-6655604774951898678-n-950x534-93.jpg',,0
	2016-05-07T03:03:22.2440259Z,Copying file: 'app\views\assets\images\11154916-353625464842609-827234414826762277-o-2-2048x1365-61.jpg',,0
	2016-05-07T03:03:22.2440259Z,Copying file: 'app\views\assets\images\11154916-353625464842609-827234414826762277-o-2048x1365-31.jpg',,0
	2016-05-07T03:03:22.2440259Z,Copying file: 'app\views\assets\images\11221931-506450399531742-5779576466150203815-o-1000x667-70.jpg',,0
	2016-05-07T03:03:22.2596526Z,Copying file: 'app\views\assets\images\12507341-439726869565801-4235085437770294707-n-960x540-21.jpg',,0
	2016-05-07T03:03:22.2596526Z,Copying file: 'app\views\assets\images\12509814-442419265963228-6437923874266788875-n-960x540-97.jpg',,0
	2016-05-07T03:03:22.2596526Z,Copying file: 'app\views\assets\images\12523190-441860799352408-6891762117635202415-n-960x540-6.jpg',,0
	2016-05-07T03:03:22.3706671Z,Copying file: 'app\views\assets\images\12573130-439726806232474-1488386429772201856-n-960x540-5.jpg',,0
	2016-05-07T03:03:22.3847763Z,Copying file: 'app\views\assets\images\2-2480x1754-28.png',,0
	2016-05-07T03:03:22.3847763Z,Copying file: 'app\views\assets\images\2-462x90-54.png',,0
	2016-05-07T03:03:22.4003943Z,Copying file: 'app\views\assets\images\2-462x90-92.png',,0
	2016-05-07T03:03:22.4003943Z,Copying file: 'app\views\assets\images\2016-03-03-8-2480x1754-79.png',,0
	2016-05-07T03:03:22.4003943Z,Copying file: 'app\views\assets\images\276x72-70.png',,0
	2016-05-07T03:03:22.4160250Z,Copying file: 'app\views\assets\images\3-2266x1270-76.png',,0
	2016-05-07T03:03:22.4160250Z,Copying file: 'app\views\assets\images\860541-434338410104647-2389696197590344264-o-1440x810-31.jpg',,0
	2016-05-07T03:03:22.4160250Z,Copying file: 'app\views\assets\images\960x720-0.jpg',,0
	2016-05-07T03:03:22.4316409Z,Copying file: 'app\views\assets\images\bootstrap.png',,0
	2016-05-07T03:03:22.4316409Z,Copying file: 'app\views\assets\images\eduino-screenshot-2266x1270-32.png',,0
	2016-05-07T03:03:22.4316409Z,Copying file: 'app\views\assets\images\footer-logo.png',,0
	2016-05-07T03:03:22.4472686Z,Copying file: 'app\views\assets\images\google-fonts.png',,0
	2016-05-07T03:03:22.4472686Z,Copying file: 'app\views\assets\images\iphone.png',,0
	2016-05-07T03:03:22.4472686Z,Copying file: 'app\views\assets\images\person-apple-laptop-notebook-5616x3744-46.png',,0
	2016-05-07T03:03:22.4628908Z,Copying file: 'app\views\assets\images\person-apple-laptop-notebook-5616x3744-84.png',,0
	2016-05-07T03:03:22.5098032Z,Copying file: 'app\views\assets\images\responsive.png',,0
	2016-05-07T03:03:22.5253927Z,Copying file: 'app\views\assets\images\slide1.jpg',,0
	2016-05-07T03:03:22.5253927Z,Copying file: 'app\views\assets\images\slide2.jpg',,0
	2016-05-07T03:03:22.5419030Z,Copying file: 'app\views\assets\images\slide3.jpg',,0
	2016-05-07T03:03:22.5419030Z,Copying file: 'app\views\assets\images\slide31.jpg',,0
	2016-05-07T03:03:22.5575459Z,Copying file: 'app\views\assets\images\unlimited-websites.png',,0
	2016-05-07T03:03:22.5575459Z,Copying file: 'app\views\assets\jarallax\jarallax.js',,0
	2016-05-07T03:03:22.5731597Z,Omitting next output lines...,,0
	2016-05-07T03:03:23.8854239Z,Using start-up script server.js from package.json.,,0
	2016-05-07T03:03:23.9010485Z,Generated web.config.,,0
	2016-05-07T03:03:23.9010485Z,The package.json file does not specify node.js engine version constraints.,,0
	2016-05-07T03:03:23.9010485Z,The node.js application will run with the default node.js version 4.2.3.,,0
	2016-05-07T03:03:23.9166745Z,Selected npm version 3.5.1,,0
	2016-05-07T03:03:28.0476622Z,Finished successfully.,,0
2016-05-07T03:03:28.0945316Z,Running post deployment command(s)...,ac624dca-9f85-4afc-b7dd-7d9285ee024f,0
2016-05-07T03:03:28.1726581Z,Deployment successful.,54bc8e7c-5a54-47b3-bdf4-ee5ad83e2d2a,0
