2016-05-12T17:16:02.4823165Z,Updating branch 'master'.,e124cbdf-647a-48ff-9e59-6a276c80f9be,0
2016-05-12T17:16:04.4766938Z,Updating submodules.,833a495f-4801-4f29-9020-a3261198df41,0
2016-05-12T17:16:04.5079434Z,Preparing deployment for commit id '788a567e80'.,795d409c-f4ea-4b50-9641-5a4e3b47e0f8,0
2016-05-12T17:16:05.4379285Z,Generating deployment script.,323c2bf0-4ed1-4a71-9590-8096ccbe1c49,0
	2016-05-12T17:16:05.4691982Z,Using cached version of deployment script (command: 'azure -y --no-dot-deployment -r "D:\home\site\repository" -o "D:\home\site\deployments\tools" --node --sitePath "D:\home\site\repository"').,,0
2016-05-12T17:16:05.5629297Z,Running deployment command...,d11f83b9-a434-4c16-a4f1-713294f1119e,0
	2016-05-12T17:16:05.5643604Z,Command: "D:\home\site\deployments\tools\deploy.cmd",,0
	2016-05-12T17:16:06.1743882Z,Handling node.js deployment.,,0
	2016-05-12T17:16:06.6445274Z,KuduSync.NET from: 'D:\home\site\repository' to: 'D:\home\site\wwwroot',,0
	2016-05-12T17:16:06.6445274Z,Copying file: 'diagnostics.zip',,0
	2016-05-12T17:16:06.6599388Z,Copying file: 'package.json',,0
	2016-05-12T17:16:06.6599388Z,Copying file: 'diagnostics\deployments\active',,0
	2016-05-12T17:16:06.6599388Z,Deleting file: 'diagnostics\deployments\df00889066a4e7132a424a5482baf8bf65c30432\log.log',,0
	2016-05-12T17:16:06.6755983Z,Deleting file: 'diagnostics\deployments\df00889066a4e7132a424a5482baf8bf65c30432\manifest',,0
	2016-05-12T17:16:06.6755983Z,Deleting file: 'diagnostics\deployments\df00889066a4e7132a424a5482baf8bf65c30432\status.xml',,0
	2016-05-12T17:16:06.6755983Z,Deleting directory: 'diagnostics\deployments\df00889066a4e7132a424a5482baf8bf65c30432',,0
	2016-05-12T17:16:06.6912193Z,Copying file: 'diagnostics\deployments\0849afac8bf1877747a23bc969b12661b99e3f30\log.log',,0
	2016-05-12T17:16:06.6912193Z,Copying file: 'diagnostics\deployments\0849afac8bf1877747a23bc969b12661b99e3f30\manifest',,0
	2016-05-12T17:16:06.7068409Z,Copying file: 'diagnostics\deployments\0849afac8bf1877747a23bc969b12661b99e3f30\status.xml',,0
	2016-05-12T17:16:06.7068409Z,Copying file: 'diagnostics\deployments\7c5f589b633c6e9284c482723e867dea08f08af1\log.log',,0
	2016-05-12T17:16:06.7068409Z,Copying file: 'diagnostics\deployments\7c5f589b633c6e9284c482723e867dea08f08af1\manifest',,0
	2016-05-12T17:16:06.7849684Z,Copying file: 'diagnostics\deployments\7c5f589b633c6e9284c482723e867dea08f08af1\status.xml',,0
	2016-05-12T17:16:06.8006054Z,Copying file: 'diagnostics\deployments\9f08d0e4ee05bd0d05eed417844b5faae852112b\log.log',,0
	2016-05-12T17:16:06.8006054Z,Copying file: 'diagnostics\deployments\9f08d0e4ee05bd0d05eed417844b5faae852112b\manifest',,0
	2016-05-12T17:16:06.8162216Z,Copying file: 'diagnostics\deployments\9f08d0e4ee05bd0d05eed417844b5faae852112b\status.xml',,0
	2016-05-12T17:16:06.8162216Z,Copying file: 'diagnostics\deployments\a681d883723d369a149c7a90e5d4369bc2dde7fa\log.log',,0
	2016-05-12T17:16:06.8318423Z,Copying file: 'diagnostics\deployments\a681d883723d369a149c7a90e5d4369bc2dde7fa\manifest',,0
	2016-05-12T17:16:06.8318423Z,Copying file: 'diagnostics\deployments\a681d883723d369a149c7a90e5d4369bc2dde7fa\status.xml',,0
	2016-05-12T17:16:06.8318423Z,Copying file: 'diagnostics\deployments\b793e0743bfa86a4864eaf56e384fd67d7d6437d\log.log',,0
	2016-05-12T17:16:06.8474709Z,Copying file: 'diagnostics\deployments\b793e0743bfa86a4864eaf56e384fd67d7d6437d\manifest',,0
	2016-05-12T17:16:06.8474709Z,Copying file: 'diagnostics\deployments\b793e0743bfa86a4864eaf56e384fd67d7d6437d\status.xml',,0
	2016-05-12T17:16:06.8474709Z,Copying file: 'diagnostics\deployments\ba97a1c57f72319c7b2ca1c7f6f507c3d3b01128\log.log',,0
	2016-05-12T17:16:06.9880997Z,Copying file: 'diagnostics\deployments\ba97a1c57f72319c7b2ca1c7f6f507c3d3b01128\manifest',,0
	2016-05-12T17:16:07.0037222Z,Copying file: 'diagnostics\deployments\ba97a1c57f72319c7b2ca1c7f6f507c3d3b01128\status.xml',,0
	2016-05-12T17:16:07.0037222Z,Copying file: 'diagnostics\deployments\f1d5896de302a1217611275ca8b44f2a802efb4b\log.log',,0
	2016-05-12T17:16:07.0193458Z,Copying file: 'diagnostics\deployments\f1d5896de302a1217611275ca8b44f2a802efb4b\manifest',,0
	2016-05-12T17:16:07.0193458Z,Copying file: 'diagnostics\deployments\f1d5896de302a1217611275ca8b44f2a802efb4b\status.xml',,0
	2016-05-12T17:16:07.0349898Z,Copying file: 'diagnostics\deployments\tools\deploymentCacheKey',,0
	2016-05-12T17:16:07.0349898Z,Copying file: 'diagnostics\LogFiles\Application\logging-errors.txt',,0
	2016-05-12T17:16:07.0505975Z,Copying file: 'diagnostics\LogFiles\DetailedErrors\ErrorPage000001.htm',,0
	2016-05-12T17:16:07.0505975Z,Copying file: 'diagnostics\LogFiles\DetailedErrors\ErrorPage000002.htm',,0
	2016-05-12T17:16:07.0505975Z,Copying file: 'diagnostics\LogFiles\DetailedErrors\ErrorPage000003.htm',,0
	2016-05-12T17:16:07.0662292Z,Copying file: 'diagnostics\LogFiles\DetailedErrors\ErrorPage000004.htm',,0
	2016-05-12T17:16:07.0662292Z,Copying file: 'diagnostics\LogFiles\DetailedErrors\ErrorPage000005.htm',,0
	2016-05-12T17:16:07.0818640Z,Copying file: 'diagnostics\LogFiles\DetailedErrors\ErrorPage000006.htm',,0
	2016-05-12T17:16:07.1756047Z,Copying file: 'diagnostics\LogFiles\DetailedErrors\ErrorPage000007.htm',,0
	2016-05-12T17:16:07.1756047Z,Copying file: 'diagnostics\LogFiles\DetailedErrors\ErrorPage000008.htm',,0
	2016-05-12T17:16:07.1756047Z,Copying file: 'diagnostics\LogFiles\DetailedErrors\ErrorPage000009.htm',,0
	2016-05-12T17:16:07.2387769Z,Copying file: 'diagnostics\LogFiles\DetailedErrors\ErrorPage000010.htm',,0
	2016-05-12T17:16:07.2387769Z,Copying file: 'diagnostics\LogFiles\DetailedErrors\ErrorPage000011.htm',,0
	2016-05-12T17:16:07.2387769Z,Copying file: 'diagnostics\LogFiles\DetailedErrors\ErrorPage000012.htm',,0
	2016-05-12T17:16:07.2543854Z,Copying file: 'diagnostics\LogFiles\DetailedErrors\ErrorPage000013.htm',,0
	2016-05-12T17:16:07.2543854Z,Copying file: 'diagnostics\LogFiles\DetailedErrors\ErrorPage000014.htm',,0
	2016-05-12T17:16:07.2543854Z,Copying file: 'diagnostics\LogFiles\DetailedErrors\ErrorPage000015.htm',,0
	2016-05-12T17:16:07.2700063Z,Copying file: 'diagnostics\LogFiles\DetailedErrors\ErrorPage000016.htm',,0
	2016-05-12T17:16:07.2700063Z,Copying file: 'diagnostics\LogFiles\DetailedErrors\ErrorPage000017.htm',,0
	2016-05-12T17:16:07.2700063Z,Copying file: 'diagnostics\LogFiles\DetailedErrors\ErrorPage000018.htm',,0
	2016-05-12T17:16:07.2856329Z,Copying file: 'diagnostics\LogFiles\DetailedErrors\ErrorPage000019.htm',,0
	2016-05-12T17:16:07.2856329Z,Omitting next output lines...,,0
	2016-05-12T17:16:08.7622321Z,Using start-up script server.js from package.json.,,0
	2016-05-12T17:16:08.7778682Z,Generated web.config.,,0
	2016-05-12T17:16:08.7934639Z,The package.json file does not specify node.js engine version constraints.,,0
	2016-05-12T17:16:08.7934639Z,The node.js application will run with the default node.js version 4.2.3.,,0
	2016-05-12T17:16:08.8090944Z,Selected npm version 3.5.1,,0
	2016-05-12T17:16:27.7320618Z,codebakerymainapp@0.0.1 D:\home\site\wwwroot,,0
	2016-05-12T17:16:27.7476950Z,└─┬ jsonwebtoken@6.2.0 ,,0
	2016-05-12T17:16:27.7476950Z,  ├─┬ joi@6.10.1 ,,0
	2016-05-12T17:16:27.7476950Z,  │ ├── hoek@2.16.3 ,,0
	2016-05-12T17:16:27.7633076Z,  │ ├── isemail@1.2.0 ,,0
	2016-05-12T17:16:27.7633076Z,  │ ├── moment@2.13.0 ,,0
	2016-05-12T17:16:27.7789324Z,  │ └── topo@1.1.0 ,,0
	2016-05-12T17:16:27.7789324Z,  ├─┬ jws@3.1.3 ,,0
	2016-05-12T17:16:27.7789324Z,  │ ├─┬ base64url@1.0.6 ,,0
	2016-05-12T17:16:27.7945566Z,  │ │ ├─┬ concat-stream@1.4.10 ,,0
	2016-05-12T17:16:27.7945566Z,  │ │ │ ├── readable-stream@1.1.14 ,,0
	2016-05-12T17:16:27.8258239Z,  │ │ │ └── typedarray@0.0.6 ,,0
	2016-05-12T17:16:27.8258239Z,  │ │ └─┬ meow@2.0.0 ,,0
	2016-05-12T17:16:27.8414377Z,  │ │   ├─┬ camelcase-keys@1.0.0 ,,0
	2016-05-12T17:16:27.8414377Z,  │ │   │ ├── camelcase@1.2.1 ,,0
	2016-05-12T17:16:27.8570627Z,  │ │   │ └── map-obj@1.0.1 ,,0
	2016-05-12T17:16:27.8570627Z,  │ │   ├─┬ indent-string@1.2.2 ,,0
	2016-05-12T17:16:27.8570627Z,  │ │   │ ├── get-stdin@4.0.1 ,,0
	2016-05-12T17:16:27.8726854Z,  │ │   │ └─┬ repeating@1.1.3 ,,0
	2016-05-12T17:16:27.8726854Z,  │ │   │   └─┬ is-finite@1.0.1 ,,0
	2016-05-12T17:16:27.8726854Z,  │ │   │     └── number-is-nan@1.0.0 ,,0
	2016-05-12T17:16:27.8883095Z,  │ │   ├── minimist@1.2.0 ,,0
	2016-05-12T17:16:27.8883095Z,  │ │   └── object-assign@1.0.0 ,,0
	2016-05-12T17:16:27.9045468Z,  │ └─┬ jwa@1.1.3 ,,0
	2016-05-12T17:16:27.9045468Z,  │   ├── buffer-equal-constant-time@1.0.1 ,,0
	2016-05-12T17:16:27.9045468Z,  │   └─┬ ecdsa-sig-formatter@1.0.5 ,,0
	2016-05-12T17:16:27.9201819Z,  │     └── base64-url@1.2.2 ,,0
	2016-05-12T17:16:27.9201819Z,  └── xtend@4.0.1 ,,0
	2016-05-12T17:16:27.9201819Z,,,0
	2016-05-12T17:16:27.9358120Z,Finished successfully.,,0
2016-05-12T17:16:27.9670575Z,Running post deployment command(s)...,f5dba85a-cb5c-41f0-9b49-bff3bc70f99d,0
2016-05-12T17:16:28.0613901Z,Deployment successful.,8d76b412-611b-4e15-9eae-c9e0ce9f543c,0
