2016-06-09T13:40:16.5446790Z,Updating branch '25cc9d9f6ce29b4f1dbb9a8f40f7a0849d2b6952'.,7e60ec31-4d42-45c5-9a61-e77128ab6be7,0
2016-06-09T13:40:25.8984572Z,Updating submodules.,87d4128e-76f8-4a7b-b24a-6bbf4b8e6a74,0
2016-06-09T13:40:25.9625812Z,Preparing deployment for commit id '25cc9d9f6c'.,a2954be6-2202-46f4-8cd7-650cfd4ea8d4,0
2016-06-09T13:40:26.2282460Z,Generating deployment script.,19efacdd-58c6-427c-b690-6f5098ff7de5,0
	2016-06-09T13:40:26.2751012Z,Using cached version of deployment script (command: 'azure -y --no-dot-deployment -r "D:\home\site\repository" -o "D:\home\site\deployments\tools" --node --sitePath "D:\home\site\repository"').,,0
2016-06-09T13:40:26.3219711Z,Running deployment command...,a9318047-3593-4adb-b772-229302d92c88,0
	2016-06-09T13:40:26.3376030Z,Command: "D:\home\site\deployments\tools\deploy.cmd",,0
	2016-06-09T13:40:26.8688654Z,Handling node.js deployment.,,0
	2016-06-09T13:40:35.6591407Z,KuduSync.NET from: 'D:\home\site\repository' to: 'D:\home\site\wwwroot',,0
	2016-06-09T13:40:35.6591407Z,Copying file: 'node_modules\stylus\lib\nodes\call.js',,0
	2016-06-09T13:40:35.6591407Z,Copying file: 'node_modules\stylus\lib\nodes\charset.js',,0
	2016-06-09T13:40:35.6747668Z,Copying file: 'node_modules\stylus\lib\nodes\comment.js',,0
	2016-06-09T13:40:35.6747668Z,Copying file: 'node_modules\stylus\lib\nodes\each.js',,0
	2016-06-09T13:40:35.6903884Z,Copying file: 'node_modules\stylus\lib\nodes\expression.js',,0
	2016-06-09T13:40:35.6903884Z,Copying file: 'node_modules\stylus\lib\nodes\extend.js',,0
	2016-06-09T13:40:35.7060151Z,Copying file: 'node_modules\stylus\lib\nodes\feature.js',,0
	2016-06-09T13:40:35.7060151Z,Copying file: 'node_modules\stylus\lib\nodes\function.js',,0
	2016-06-09T13:40:35.7060151Z,Copying file: 'node_modules\stylus\lib\nodes\group.js',,0
	2016-06-09T13:40:35.7216393Z,Copying file: 'node_modules\stylus\lib\nodes\hsla.js',,0
	2016-06-09T13:40:35.7216393Z,Copying file: 'node_modules\stylus\lib\nodes\ident.js',,0
	2016-06-09T13:40:35.7372935Z,Copying file: 'node_modules\stylus\lib\nodes\if.js',,0
	2016-06-09T13:40:35.7372935Z,Copying file: 'node_modules\stylus\lib\nodes\import.js',,0
	2016-06-09T13:40:35.7372935Z,Copying file: 'node_modules\stylus\lib\nodes\index.js',,0
	2016-06-09T13:40:35.7529219Z,Copying file: 'node_modules\stylus\lib\nodes\keyframes.js',,0
	2016-06-09T13:40:35.7529219Z,Copying file: 'node_modules\stylus\lib\nodes\literal.js',,0
	2016-06-09T13:40:35.8310140Z,Copying file: 'node_modules\stylus\lib\nodes\media.js',,0
	2016-06-09T13:40:35.8310140Z,Copying file: 'node_modules\stylus\lib\nodes\member.js',,0
	2016-06-09T13:40:35.8470599Z,Copying file: 'node_modules\stylus\lib\nodes\namespace.js',,0
	2016-06-09T13:40:35.8470599Z,Copying file: 'node_modules\stylus\lib\nodes\node.js',,0
	2016-06-09T13:40:35.8626958Z,Copying file: 'node_modules\stylus\lib\nodes\null.js',,0
	2016-06-09T13:40:35.8783245Z,Copying file: 'node_modules\stylus\lib\nodes\object.js',,0
	2016-06-09T13:40:35.8783245Z,Copying file: 'node_modules\stylus\lib\nodes\params.js',,0
	2016-06-09T13:40:35.8939491Z,Copying file: 'node_modules\stylus\lib\nodes\property.js',,0
	2016-06-09T13:40:35.9095725Z,Copying file: 'node_modules\stylus\lib\nodes\query-list.js',,0
	2016-06-09T13:40:35.9095725Z,Copying file: 'node_modules\stylus\lib\nodes\query.js',,0
	2016-06-09T13:40:35.9251944Z,Copying file: 'node_modules\stylus\lib\nodes\return.js',,0
	2016-06-09T13:40:35.9251944Z,Copying file: 'node_modules\stylus\lib\nodes\rgba.js',,0
	2016-06-09T13:40:35.9251944Z,Copying file: 'node_modules\stylus\lib\nodes\root.js',,0
	2016-06-09T13:40:35.9408192Z,Copying file: 'node_modules\stylus\lib\nodes\selector.js',,0
	2016-06-09T13:40:35.9408192Z,Copying file: 'node_modules\stylus\lib\nodes\string.js',,0
	2016-06-09T13:40:35.9408192Z,Copying file: 'node_modules\stylus\lib\nodes\supports.js',,0
	2016-06-09T13:40:35.9564448Z,Copying file: 'node_modules\stylus\lib\nodes\ternary.js',,0
	2016-06-09T13:40:35.9564448Z,Copying file: 'node_modules\stylus\lib\nodes\unaryop.js',,0
	2016-06-09T13:40:36.0501936Z,Copying file: 'node_modules\stylus\lib\nodes\unit.js',,0
	2016-06-09T13:40:36.0658313Z,Copying file: 'node_modules\stylus\lib\stack\frame.js',,0
	2016-06-09T13:40:36.0658313Z,Copying file: 'node_modules\stylus\lib\stack\index.js',,0
	2016-06-09T13:40:36.0658313Z,Copying file: 'node_modules\stylus\lib\stack\scope.js',,0
	2016-06-09T13:40:36.0814465Z,Copying file: 'node_modules\stylus\lib\visitor\compiler.js',,0
	2016-06-09T13:40:36.0814465Z,Copying file: 'node_modules\stylus\lib\visitor\deps-resolver.js',,0
	2016-06-09T13:40:36.0970828Z,Copying file: 'node_modules\stylus\lib\visitor\evaluator.js',,0
	2016-06-09T13:40:36.0970828Z,Copying file: 'node_modules\stylus\lib\visitor\index.js',,0
	2016-06-09T13:40:36.0970828Z,Copying file: 'node_modules\stylus\lib\visitor\normalizer.js',,0
	2016-06-09T13:40:36.1134966Z,Copying file: 'node_modules\stylus\lib\visitor\sourcemapper.js',,0
	2016-06-09T13:40:36.1134966Z,Copying file: 'node_modules\stylus\node_modules\glob\changelog.md',,0
	2016-06-09T13:40:36.1134966Z,Copying file: 'node_modules\stylus\node_modules\glob\common.js',,0
	2016-06-09T13:40:36.1291344Z,Copying file: 'node_modules\stylus\node_modules\glob\glob.js',,0
	2016-06-09T13:40:36.1291344Z,Copying file: 'node_modules\stylus\node_modules\glob\LICENSE',,0
	2016-06-09T13:40:36.1291344Z,Copying file: 'node_modules\stylus\node_modules\glob\package.json',,0
	2016-06-09T13:40:36.1447624Z,Omitting next output lines...,,0
	2016-06-09T13:40:42.5367607Z,Using start-up script server.js from package.json.,,0
	2016-06-09T13:40:42.5523847Z,Generated web.config.,,0
	2016-06-09T13:40:42.5523847Z,The package.json file does not specify node.js engine version constraints.,,0
	2016-06-09T13:40:42.5680166Z,The node.js application will run with the default node.js version 4.2.3.,,0
	2016-06-09T13:40:42.5680166Z,Selected npm version 3.5.1,,0
	2016-06-09T13:41:00.7022916Z,codebakerymainapp@0.0.1 D:\home\site\wwwroot,,0
	2016-06-09T13:41:00.7179141Z,└── jsonwebtoken@6.2.0 ,,0
	2016-06-09T13:41:00.7179141Z,,,0
	2016-06-09T13:41:00.7335414Z,Finished successfully.,,0
2016-06-09T13:41:00.7804132Z,Running post deployment command(s)...,87e4b7df-f888-4cca-b95c-bbe7a2f350af,0
2016-06-09T13:41:00.8741687Z,Deployment successful.,f876e5da-319e-428a-b677-6509459efc2d,0
