2016-05-07T02:39:14.1168257Z,Updating branch 'master'.,523c5fd2-00b7-41f4-a4e1-148badd76d02,0
2016-05-07T02:39:14.4912730Z,Updating submodules.,069678d4-ce96-4efe-b82e-e1bd0593ee91,0
2016-05-07T02:39:14.5385429Z,Preparing deployment for commit id 'ba97a1c57f'.,dc38a6b3-3896-42fc-a79b-441a1f4a1dc9,0
2016-05-07T02:39:15.0634226Z,Generating deployment script.,e3be3a69-7156-4c47-ba97-80c56331b1a4,0
	2016-05-07T02:39:15.1103114Z,Using cached version of deployment script (command: 'azure -y --no-dot-deployment -r "D:\home\site\repository" -o "D:\home\site\deployments\tools" --node --sitePath "D:\home\site\repository"').,,0
2016-05-07T02:39:15.1581791Z,Running deployment command...,968a1f0a-0b52-4909-a6e7-58c6c5a89472,0
	2016-05-07T02:39:15.1581791Z,Command: "D:\home\site\deployments\tools\deploy.cmd",,0
	2016-05-07T02:39:15.7363109Z,Handling node.js deployment.,,0
	2016-05-07T02:39:16.1913681Z,KuduSync.NET from: 'D:\home\site\repository' to: 'D:\home\site\wwwroot',,0
	2016-05-07T02:39:16.2069943Z,Copying file: 'npm-debug.log',,0
	2016-05-07T02:39:16.2226192Z,Copying file: 'app\controllers\home.js',,0
	2016-05-07T02:39:16.2226192Z,Copying file: 'app\controllers\public\signup.html',,0
	2016-05-07T02:39:16.2226192Z,Deleting file: 'app\views\signin.html',,0
	2016-05-07T02:39:16.2382446Z,Deleting file: 'app\views\signup.html',,0
	2016-05-07T02:39:16.2382446Z,Deleting file: 'app\views\signup_form.html',,0
	2016-05-07T02:39:16.2382446Z,Copying file: 'app\views\signin.ejs',,0
	2016-05-07T02:39:16.2538719Z,Copying file: 'app\views\signup.ejs',,0
	2016-05-07T02:39:16.2538719Z,Copying file: 'app\views\signup_form.ejs',,0
	2016-05-07T02:39:16.6601268Z,Using start-up script server.js from package.json.,,0
	2016-05-07T02:39:16.6757523Z,Generated web.config.,,0
	2016-05-07T02:39:16.6757523Z,The package.json file does not specify node.js engine version constraints.,,0
	2016-05-07T02:39:16.6913750Z,The node.js application will run with the default node.js version 4.2.3.,,0
	2016-05-07T02:39:16.6913750Z,Selected npm version 3.5.1,,0
	2016-05-07T02:39:20.9230514Z,Finished successfully.,,0
2016-05-07T02:39:20.9699281Z,Running post deployment command(s)...,fae5f0c0-3242-4cfb-8a95-cf79cf58592b,0
2016-05-07T02:39:21.0636796Z,Deployment successful.,11752001-6d14-4b1e-b596-c0cc7046bfaa,0
