2016-05-07T02:25:50.5457979Z,Updating branch 'master'.,46c9d405-7838-474f-9564-a003f91eda9a,0
2016-05-07T02:25:51.8593134Z,Updating submodules.,fe711536-366c-4884-9a8a-f4074e76336c,0
2016-05-07T02:25:51.9242348Z,Preparing deployment for commit id 'f1d5896de3'.,9bc46e51-521b-4a42-8951-7508dd149f5d,0
2016-05-07T02:25:52.5008232Z,Generating deployment script.,63c3deb3-b34e-41e4-b66c-ece7f9f8942e,0
	2016-05-07T02:25:52.5353430Z,Using the following command to generate deployment script: 'azure site deploymentscript -y --no-dot-deployment -r "D:\home\site\repository" -o "D:\home\site\deployments\tools" --node --sitePath "D:\home\site\repository"'.,,0
	2016-05-07T02:25:56.6575326Z,Generating deployment script for node.js Web Site,,0
	2016-05-07T02:25:56.6883866Z,Generated deployment script files,,0
2016-05-07T02:25:56.7665033Z,Running deployment command...,2362dd5a-deae-4473-9d11-a7a1e68de84e,0
	2016-05-07T02:25:56.7665033Z,Command: "D:\home\site\deployments\tools\deploy.cmd",,0
	2016-05-07T02:25:57.3915097Z,Handling node.js deployment.,,0
	2016-05-07T02:25:58.4388852Z,KuduSync.NET from: 'D:\home\site\repository' to: 'D:\home\site\wwwroot',,0
	2016-05-07T02:25:58.4388852Z,Copying file: 'npm-debug.log',,0
	2016-05-07T02:25:58.4388852Z,Copying file: 'package.json',,0
	2016-05-07T02:25:58.4545165Z,Copying file: 'server.js',,0
	2016-05-07T02:25:58.4545165Z,Copying file: 'app\controllers\home.js',,0
	2016-05-07T02:25:58.4545165Z,Copying file: 'app\views\signin.html',,0
	2016-05-07T02:25:58.4701351Z,Copying file: 'app\views\signup.html',,0
	2016-05-07T02:25:58.4701351Z,Copying file: 'app\views\signup_form.html',,0
	2016-05-07T02:25:58.4857606Z,Copying file: 'app\views\css\common.css',,0
	2016-05-07T02:25:58.4857606Z,Copying file: 'app\views\css\custom.semantic.css',,0
	2016-05-07T02:25:58.4857606Z,Copying file: 'app\views\css\grid.min.css',,0
	2016-05-07T02:25:58.5013858Z,Copying file: 'app\views\css\icon.min.css',,0
	2016-05-07T02:25:58.5170108Z,Copying file: 'app\views\css\semantic.min.css',,0
	2016-05-07T02:25:58.5170108Z,Copying file: 'app\views\css\signup.common.css',,0
	2016-05-07T02:25:58.5170108Z,Copying file: 'app\views\css\style.styl',,0
	2016-05-07T02:25:58.5326361Z,Copying file: 'app\views\img\KACTALE_Colored_Dongwoo.png',,0
	2016-05-07T02:25:58.5326361Z,Copying file: 'app\views\img\KACTALE_Colored_White.png',,0
	2016-05-07T02:25:58.5326361Z,Copying file: 'app\views\img\signup_background.jpg',,0
	2016-05-07T02:25:58.5482674Z,Copying file: 'app\views\js\checkbox.min.js',,0
	2016-05-07T02:25:58.5482674Z,Copying file: 'app\views\js\semantic.min.js',,0
	2016-05-07T02:25:58.5482674Z,Copying file: 'app\views\js\signup_form.js',,0
	2016-05-07T02:25:58.5638868Z,Copying file: 'public\signin.html',,0
	2016-05-07T02:25:58.5638868Z,Copying file: 'public\signup.html',,0
	2016-05-07T02:25:58.7826391Z,Copying file: 'public\signup_form.html',,0
	2016-05-07T02:25:58.7826391Z,Copying file: 'public\css\common.css',,0
	2016-05-07T02:25:58.7982647Z,Copying file: 'public\css\custom.semantic.css',,0
	2016-05-07T02:25:58.7982647Z,Copying file: 'public\css\grid.min.css',,0
	2016-05-07T02:25:58.8139099Z,Copying file: 'public\css\icon.min.css',,0
	2016-05-07T02:25:58.8139099Z,Copying file: 'public\css\semantic.min.css',,0
	2016-05-07T02:25:58.8311638Z,Copying file: 'public\css\signup.common.css',,0
	2016-05-07T02:25:58.8311638Z,Copying file: 'public\img\KACTALE_Colored_Dongwoo.png',,0
	2016-05-07T02:25:58.8451407Z,Copying file: 'public\img\KACTALE_Colored_White.png',,0
	2016-05-07T02:25:58.8451407Z,Copying file: 'public\img\signup_background.jpg',,0
	2016-05-07T02:25:58.8613977Z,Copying file: 'public\js\checkbox.min.js',,0
	2016-05-07T02:25:58.8613977Z,Copying file: 'public\js\semantic.min.js',,0
	2016-05-07T02:25:58.8763907Z,Copying file: 'public\js\signup_form.js',,0
	2016-05-07T02:25:59.2201451Z,Using start-up script server.js from package.json.,,0
	2016-05-07T02:25:59.2357704Z,Generated web.config.,,0
	2016-05-07T02:25:59.2521244Z,The package.json file does not specify node.js engine version constraints.,,0
	2016-05-07T02:25:59.2521244Z,The node.js application will run with the default node.js version 4.2.3.,,0
	2016-05-07T02:25:59.2670236Z,Selected npm version 3.5.1,,0
	2016-05-07T02:26:03.4389521Z,Finished successfully.,,0
2016-05-07T02:26:03.4858259Z,Running post deployment command(s)...,e07faaa6-42e4-437d-b232-1cbeca424f72,0
2016-05-07T02:26:03.5795767Z,Deployment successful.,8e825743-828b-4e42-8755-5d528998eeba,0
