2016-05-06T12:41:10.6224041Z,Updating branch 'master'.,b7a5eb5c-12c4-49da-a4be-80573dd8e236,0
2016-05-06T12:41:10.8567797Z,Updating submodules.,6e51594f-4322-4c10-ac86-590e3528f749,0
2016-05-06T12:41:10.9036624Z,Preparing deployment for commit id 'a2c1df5714'.,d729915b-3161-4a4f-8d1a-6ce71dfd4602,0
2016-05-06T12:41:11.2172150Z,Generating deployment script.,139078c2-b07b-49d6-9826-c84b2903cba2,0
	2016-05-06T12:41:11.2484637Z,Using cached version of deployment script (command: 'azure -y --no-dot-deployment -r "D:\home\site\repository" -o "D:\home\site\deployments\tools" --node --sitePath "D:\home\site\repository"').,,0
2016-05-06T12:41:11.2797332Z,Running deployment command...,5029ecce-8f46-4f77-91d8-f63223a1b3a1,0
	2016-05-06T12:41:11.2953670Z,Command: "D:\home\site\deployments\tools\deploy.cmd",,0
	2016-05-06T12:41:11.8619504Z,Handling node.js deployment.,,0
	2016-05-06T12:41:12.1746475Z,KuduSync.NET from: 'D:\home\site\repository' to: 'D:\home\site\wwwroot',,0
	2016-05-06T12:41:12.1746475Z,Copying file: 'iisnode.yml',,0
	2016-05-06T12:41:12.1902693Z,Copying file: 'npm-debug.log',,0
	2016-05-06T12:41:12.6121619Z,Start script "app.js" from package.json is not found.,,0
	2016-05-06T12:41:12.6121619Z,Looking for app.js/server.js under site root.,,0
	2016-05-06T12:41:12.6277771Z,Using start-up script server.js,,0
	2016-05-06T12:41:12.6277771Z,Generated web.config.,,0
	2016-05-06T12:41:12.6277771Z,The package.json file does not specify node.js engine version constraints.,,0
	2016-05-06T12:41:12.6433965Z,The node.js application will run with the default node.js version 4.2.3.,,0
	2016-05-06T12:41:12.6433965Z,Selected npm version 3.5.1,,0
	2016-05-06T12:41:16.7798282Z,Finished successfully.,,0
2016-05-06T12:41:16.8110791Z,Running post deployment command(s)...,ee62ef99-7521-4e12-a892-2636475f003b,0
2016-05-06T12:41:16.9048291Z,Deployment successful.,1fb76b19-5745-4681-b191-179d8481abcf,0
