2016-06-10T11:56:25.8154400Z,Updating submodules.,dbdcbc3c-f529-4393-90da-fea62dde2b70,0
2016-06-10T11:56:25.8623153Z,Preparing deployment for commit id 'e69d0aea84'.,3e446f26-2387-4abc-a31c-01e31845dc01,0
2016-06-10T11:56:26.1123162Z,Generating deployment script.,5d977933-f65a-4f52-9355-25ea54433f4a,0
	2016-06-10T11:56:26.1592306Z,Using cached version of deployment script (command: 'azure -y --no-dot-deployment -r "D:\home\site\repository" -o "D:\home\site\deployments\tools" --node --sitePath "D:\home\site\repository"').,,0
2016-06-10T11:56:26.2060691Z,Running deployment command...,eeaac577-ea24-4434-aaf2-5a6beb78b0b8,0
	2016-06-10T11:56:26.2060691Z,Command: "D:\home\site\deployments\tools\deploy.cmd",,0
	2016-06-10T11:56:26.8001149Z,Handling node.js deployment.,,0
	2016-06-10T11:56:36.2573846Z,KuduSync.NET from: 'D:\home\site\repository' to: 'D:\home\site\wwwroot',,0
	2016-06-10T11:56:36.2730090Z,Copying file: 'npm-debug.log',,0
	2016-06-10T11:56:36.2730090Z,Copying file: 'app\views\index.html',,0
	2016-06-10T11:56:36.2730090Z,Copying file: 'node_modules\jsonwebtoken\.jshintrc',,0
	2016-06-10T11:56:36.2730090Z,Copying file: 'node_modules\jsonwebtoken\.npmignore',,0
	2016-06-10T11:56:36.2730090Z,Copying file: 'node_modules\jsonwebtoken\.travis.yml',,0
	2016-06-10T11:56:36.2730090Z,Copying file: 'node_modules\jsonwebtoken\CHANGELOG.md',,0
	2016-06-10T11:56:36.2886293Z,Copying file: 'node_modules\jsonwebtoken\index.js',,0
	2016-06-10T11:56:36.2886293Z,Copying file: 'node_modules\jsonwebtoken\LICENSE',,0
	2016-06-10T11:56:36.2886293Z,Copying file: 'node_modules\jsonwebtoken\package.json',,0
	2016-06-10T11:56:36.2886293Z,Copying file: 'node_modules\jsonwebtoken\README.md',,0
	2016-06-10T11:56:36.2886293Z,Copying file: 'node_modules\jsonwebtoken\sign.js',,0
	2016-06-10T11:56:36.2886293Z,Copying file: 'node_modules\jsonwebtoken\bin\changelog',,0
	2016-06-10T11:56:36.3042544Z,Copying file: 'node_modules\jsonwebtoken\lib\JsonWebTokenError.js',,0
	2016-06-10T11:56:36.3042544Z,Copying file: 'node_modules\jsonwebtoken\lib\NotBeforeError.js',,0
	2016-06-10T11:56:36.3042544Z,Copying file: 'node_modules\jsonwebtoken\lib\timespan.js',,0
	2016-06-10T11:56:36.3042544Z,Copying file: 'node_modules\jsonwebtoken\lib\TokenExpiredError.js',,0
	2016-06-10T11:56:36.3042544Z,Copying file: 'node_modules\jsonwebtoken\test\async_sign.tests.js',,0
	2016-06-10T11:56:36.5718703Z,Copying file: 'node_modules\jsonwebtoken\test\encoding.tests.js',,0
	2016-06-10T11:56:36.5874975Z,Copying file: 'node_modules\jsonwebtoken\test\expires_format.tests.js',,0
	2016-06-10T11:56:36.5874975Z,Copying file: 'node_modules\jsonwebtoken\test\iat.tests.js',,0
	2016-06-10T11:56:36.6031224Z,Copying file: 'node_modules\jsonwebtoken\test\invalid_exp.tests.js',,0
	2016-06-10T11:56:36.6031224Z,Copying file: 'node_modules\jsonwebtoken\test\invalid_pub.pem',,0
	2016-06-10T11:56:36.6031224Z,Copying file: 'node_modules\jsonwebtoken\test\issue_147.tests.js',,0
	2016-06-10T11:56:36.6031224Z,Copying file: 'node_modules\jsonwebtoken\test\issue_196.tests.js',,0
	2016-06-10T11:56:36.6187725Z,Copying file: 'node_modules\jsonwebtoken\test\issue_70.tests.js',,0
	2016-06-10T11:56:36.6187725Z,Copying file: 'node_modules\jsonwebtoken\test\jwt.hs.tests.js',,0
	2016-06-10T11:56:36.6187725Z,Copying file: 'node_modules\jsonwebtoken\test\jwt.rs.tests.js',,0
	2016-06-10T11:56:36.6187725Z,Copying file: 'node_modules\jsonwebtoken\test\non_object_values.tests.js',,0
	2016-06-10T11:56:36.6187725Z,Copying file: 'node_modules\jsonwebtoken\test\noTimestamp.tests.js',,0
	2016-06-10T11:56:36.6187725Z,Copying file: 'node_modules\jsonwebtoken\test\priv.pem',,0
	2016-06-10T11:56:36.6343757Z,Copying file: 'node_modules\jsonwebtoken\test\pub.pem',,0
	2016-06-10T11:56:36.6343757Z,Copying file: 'node_modules\jsonwebtoken\test\rsa-private.pem',,0
	2016-06-10T11:56:42.8009923Z,Copying file: 'node_modules\jsonwebtoken\test\rsa-public-key.pem',,0
	2016-06-10T11:56:42.8009923Z,Copying file: 'node_modules\jsonwebtoken\test\rsa-public-key.tests.js',,0
	2016-06-10T11:56:42.8009923Z,Copying file: 'node_modules\jsonwebtoken\test\rsa-public.pem',,0
	2016-06-10T11:56:42.8166157Z,Copying file: 'node_modules\jsonwebtoken\test\set_headers.tests.js',,0
	2016-06-10T11:56:42.8166157Z,Copying file: 'node_modules\jsonwebtoken\test\undefined_secretOrPublickey.tests.js',,0
	2016-06-10T11:56:42.8166157Z,Copying file: 'node_modules\jsonwebtoken\test\verify.tests.js',,0
	2016-06-10T11:56:42.8166157Z,Copying file: 'node_modules\jsonwebtoken\test\wrong_alg.tests.js',,0
	2016-06-10T11:56:42.8166157Z,Copying file: 'node_modules\jsonwebtoken\test\util\fakeDate.js',,0
	2016-06-10T11:56:43.2541284Z,Using start-up script server.js from package.json.,,0
	2016-06-10T11:56:43.2697492Z,Generated web.config.,,0
	2016-06-10T11:56:43.3478774Z,The package.json file does not specify node.js engine version constraints.,,0
	2016-06-10T11:56:43.3478774Z,The node.js application will run with the default node.js version 4.2.3.,,0
	2016-06-10T11:56:43.3634980Z,Selected npm version 3.5.1,,0
	2016-06-10T11:57:01.7379164Z,codebakerymainapp@0.0.1 D:\home\site\wwwroot,,0
	2016-06-10T11:57:01.7379164Z,└── jsonwebtoken@6.2.0 ,,0
	2016-06-10T11:57:01.7379164Z,,,0
	2016-06-10T11:57:01.7691682Z,Finished successfully.,,0
2016-06-10T11:57:01.8004555Z,Running post deployment command(s)...,296b2c93-7f8d-4cd4-85d3-0be84c83fa07,0
2016-06-10T11:57:01.8785832Z,Deployment successful.,8c8224d9-f590-4292-8117-c394f3f94832,0
